<?xml version="1.0" encoding="UTF-8"?>
<!-- Generated by org.testng.reporters.JUnitXMLReporter -->
<testsuite hostname="DESKTOP-UU1O43E" name="Default test" tests="7" failures="0" timestamp="7 Jan 2017 19:40:54 GMT" time="75.145" errors="0">
  <testcase name="testChromeDriver" time="12.922" classname="Com.HybridTestAutomationFramework.test.core.platform.TestDriverFactory"/>
  <testcase name="testDefaultDriver" time="10.219" classname="Com.HybridTestAutomationFramework.test.core.platform.TestDriverFactory"/>
  <testcase name="testFirefoxDriver" time="17.611" classname="Com.HybridTestAutomationFramework.test.core.platform.TestDriverFactory"/>
  <testcase name="testIEDriver" time="7.196" classname="Com.HybridTestAutomationFramework.test.core.platform.TestDriverFactory"/>
  <testcase name="testWindowsChromeDriver" time="7.12" classname="Com.HybridTestAutomationFramework.test.core.platform.TestDriverFactory"/>
  <testcase name="testWindowsFirefoxDriver" time="11.69" classname="Com.HybridTestAutomationFramework.test.core.platform.TestDriverFactory"/>
  <testcase name="testWindowsIEDriver" time="8.256" classname="Com.HybridTestAutomationFramework.test.core.platform.TestDriverFactory"/>
</testsuite> <!-- Default test -->
