<?xml version="1.0" encoding="UTF-8"?>
<!-- Generated by org.testng.reporters.JUnitXMLReporter -->
<testsuite hostname="DESKTOP-UU1O43E" name="DriverFactory" tests="3" failures="0" timestamp="7 Jan 2017 19:50:52 GMT" time="27.273" errors="0">
  <testcase name="testWindowsChromeDriver" time="8.772" classname="Com.HybridTestAutomationFramework.test.core.platform.TestDriverFactory"/>
  <testcase name="testWindowsFirefoxDriver" time="9.356" classname="Com.HybridTestAutomationFramework.test.core.platform.TestDriverFactory"/>
  <testcase name="testWindowsIEDriver" time="9.076" classname="Com.HybridTestAutomationFramework.test.core.platform.TestDriverFactory"/>
</testsuite> <!-- DriverFactory -->
